<?xml version="1.0" encoding="UTF-8"?>
<!-- Generated by org.testng.reporters.JUnitReportReporter -->
<testsuite hostname="DESKTOP-7JOPIFU" failures="0" tests="6" name="com.juaracoding.restassured.TestGetDuaSatu" time="15.875" errors="0" timestamp="2022-08-25T16:39:07 ICT" skipped="0">
  <testcase classname="com.juaracoding.restassured.TestGetDuaSatu" name="testStatusCode" time="6.613"/>
  <system-out/>
  <testcase classname="com.juaracoding.restassured.TestGetDuaSatu" name="tesIDOne" time="2.870"/>
  <system-out/>
  <testcase classname="com.juaracoding.restassured.TestGetDuaSatu" name="testIDTwo" time="1.599"/>
  <system-out/>
  <testcase classname="com.juaracoding.restassured.TestGetDuaSatu" name="testIDThree" time="1.624"/>
  <system-out/>
  <testcase classname="com.juaracoding.restassured.TestGetDuaSatu" name="testIDFour" time="1.594"/>
  <system-out/>
  <testcase classname="com.juaracoding.restassured.TestGetDuaSatu" name="testIDFive" time="1.575"/>
  <system-out/>
</testsuite> <!-- com.juaracoding.restassured.TestGetDuaSatu -->
